<?xml version="1.0" encoding="UTF-8"?>
<!-- Generated by org.testng.reporters.JUnitReportReporter -->
<testsuite hostname="LAPTOP-J6V7M0GL" failures="0" tests="5" name="TestNGPackagae.TestNGDemo4" time="0.019" errors="0" timestamp="2023-06-22T03:11:36 IST" skipped="0">
  <testcase classname="TestNGPackagae.TestNGDemo4" name="MobileLoginHome" time="0.004"/>
  <system-out/>
  <testcase classname="TestNGPackagae.TestNGDemo4" name="WebLoginHome" time="0.003"/>
  <system-out/>
  <testcase classname="TestNGPackagae.TestNGDemo4" name="APILoginHome" time="0.007"/>
  <system-out/>
  <testcase classname="TestNGPackagae.TestNGDemo4" name="WebLoginHome" time="0.004"/>
  <system-out/>
  <testcase classname="TestNGPackagae.TestNGDemo4" name="WebLoginHome" time="0.001"/>
  <system-out/>
</testsuite> <!-- TestNGPackagae.TestNGDemo4 -->
