<?xml version="1.0" encoding="UTF-8"?>
<!-- Generated by org.testng.reporters.JUnitReportReporter -->
<testsuite hostname="LAPTOP-J6V7M0GL" failures="0" tests="1" name="TestNGPackagae.TestNGDemo2" time="0.006" errors="0" timestamp="2023-06-22T03:11:36 IST" skipped="0">
  <testcase classname="TestNGPackagae.TestNGDemo2" name="Demo_Demo2" time="0.006"/>
  <system-out/>
</testsuite> <!-- TestNGPackagae.TestNGDemo2 -->
