<?xml version="1.0" encoding="UTF-8"?>
<!-- Generated by org.testng.reporters.JUnitReportReporter -->
<testsuite hostname="LAPTOP-J6V7M0GL" failures="0" tests="2" name="TestNGPackagae.TestNGDemo1" time="0.008" errors="0" timestamp="2023-06-22T03:11:36 IST" skipped="0">
  <testcase classname="TestNGPackagae.TestNGDemo1" name="Demo1" time="0.005"/>
  <system-out/>
  <testcase classname="TestNGPackagae.TestNGDemo1" name="Demo" time="0.003"/>
  <system-out/>
</testsuite> <!-- TestNGPackagae.TestNGDemo1 -->
