<?xml version="1.0" encoding="UTF-8"?>
<!-- Generated by org.testng.reporters.JUnitReportReporter -->
<testsuite hostname="LAPTOP-J6V7M0GL" failures="0" tests="3" name="TestNGPackagae.TestNGDemo3" time="0.005" errors="0" timestamp="2023-06-22T03:11:36 IST" skipped="1">
  <testcase classname="TestNGPackagae.TestNGDemo3" name="WebLoginCar" time="0.004"/>
  <system-out/>
  <testcase classname="TestNGPackagae.TestNGDemo3" name="APILoginCar" time="0.001"/>
  <system-out/>
  <testcase classname="TestNGPackagae.TestNGDemo3" name="MobileStartCar">
    <skipped/>
  </testcase> <!-- MobileStartCar -->
  <system-out/>
</testsuite> <!-- TestNGPackagae.TestNGDemo3 -->
